#
# A fatal error has been detected by the Java Runtime Environment:
#
#  SIGSEGV (0xb) at pc=0x00007f3c69f65393, pid=3274, tid=3289
#
# JRE version: OpenJDK Runtime Environment (16.0.1+9) (build 16.0.1+9-24)
# Java VM: OpenJDK 64-Bit Server VM (16.0.1+9-24, mixed mode, sharing, tiered, compressed oops, compressed class ptrs, g1 gc, linux-amd64)
# Problematic frame:
# C  [libjimage.so+0x4393]  ImageStrings::find(Endian*, char const*, int*, unsigned int)+0x63
#
# Core dump will be written. Default location: Core dumps may be processed with "/lib/systemd/systemd-coredump %P %u %g %s %t 9223372036854775808 %h" (or dumping to /home/jeronimo/Documentos/diosantander/core.3274)
#
# If you would like to submit a bug report, please visit:
#   https://bugreport.java.com/bugreport/crash.jsp
#

---------------  S U M M A R Y ------------

Command Line: -agentlib:jdwp=transport=dt_socket,server=n,suspend=y,address=127.0.0.1:41793 -Dfile.encoding=UTF-8 -Duser.country=BR -Duser.language=pt -Duser.variant com.dioprojeto.diosantander.DiosantanderApplication

Host: Intel(R) Celeron(R) CPU 4205U @ 1.80GHz, 2 cores, 3G, Freedesktop.org 20.08.14 (Flatpak runtime)
Time: Tue Jul 13 18:54:03 2021 -03 elapsed time: 96.693458 seconds (0d 0h 1m 36s)

---------------  T H R E A D  ---------------

Current thread (0x00007f3c640f38f0):  JavaThread "Signal Dispatcher" daemon [_thread_in_vm, id=3289, stack(0x00007f3c3d6ff000,0x00007f3c3d800000)]

Stack: [0x00007f3c3d6ff000,0x00007f3c3d800000],  sp=0x00007f3c3d7fd1f0,  free space=1016k
Native frames: (J=compiled Java code, A=aot compiled Java code, j=interpreted, Vv=VM code, C=native code)
C  [libjimage.so+0x4393]  ImageStrings::find(Endian*, char const*, int*, unsigned int)+0x63
C  [libjimage.so+0x50de]  ImageFileReader::find_location_index(char const*, unsigned long long*) const+0x3e
C  [libjimage.so+0x55bc]  JIMAGE_FindResource+0xfc
V  [libjvm.so+0x55f051]  ClassPathImageEntry::open_stream_for_loader(char const*, ClassLoaderData*, Thread*)+0x51
V  [libjvm.so+0x5635be]  ClassLoader::load_class(Symbol*, bool, Thread*)+0x13e
V  [libjvm.so+0xd3320f]  SystemDictionary::load_instance_class(Symbol*, Handle, Thread*)+0x34f
V  [libjvm.so+0xd31f92]  SystemDictionary::resolve_instance_class_or_null(Symbol*, Handle, Handle, Thread*)+0xa62
V  [libjvm.so+0xd3419e]  SystemDictionary::resolve_or_fail(Symbol*, Handle, Handle, bool, Thread*)+0x5e
V  [libjvm.so+0x5cdb48]  ConstantPool::klass_at_impl(constantPoolHandle const&, int, bool, Thread*)+0xe8
V  [libjvm.so+0x7edf32]  InterpreterRuntime::_new(JavaThread*, ConstantPool*, int)+0x72
j  jdk.internal.misc.Signal.dispatch(I)V+25 java.base@16.0.1
v  ~StubRoutines::call_stub
V  [libjvm.so+0x7f5285]  JavaCalls::call_helper(JavaValue*, methodHandle const&, JavaCallArguments*, Thread*)+0x2d5
V  [libjvm.so+0x7f56bc]  JavaCalls::call_static(JavaValue*, Klass*, Symbol*, Symbol*, JavaCallArguments*, Thread*)+0x10c
V  [libjvm.so+0xbca4db]  signal_thread_entry(JavaThread*, Thread*)+0x29b
V  [libjvm.so+0xd7c9db]  JavaThread::thread_main_inner()+0x11b
V  [libjvm.so+0xd816cd]  Thread::call_run()+0xfd
V  [libjvm.so+0xbd86d7]  thread_native_entry(Thread*)+0xe7

Java frames: (J=compiled Java code, j=interpreted, Vv=VM code)
j  jdk.internal.misc.Signal.dispatch(I)V+25 java.base@16.0.1
v  ~StubRoutines::call_stub

siginfo: si_signo: 11 (SIGSEGV), si_code: 1 (SEGV_MAPERR), si_addr: 0x00007f3c5c7e7588

Register to memory mapping:

RAX=0x00007f3c69f7db10: <offset 0x000000000001cb10> in /home/jeronimo/.jdks/openjdk-16.0.1/lib/libjimage.so at 0x00007f3c69f61000
RBX=0x00007f3c3d7fd2a1 is pointing into the stack for thread: 0x00007f3c640f38f0
RCX=0x00007f3c3d7fd2c3 is pointing into the stack for thread: 0x00007f3c640f38f0
RDX=0x0000000000000d5b is an unknown value
RSP=0x00007f3c3d7fd1f0 is pointing into the stack for thread: 0x00007f3c640f38f0
RBP=0x00007f3c3d7fd210 is pointing into the stack for thread: 0x00007f3c640f38f0
RSI=0x00007f3c5c7e401c is an unknown value
RDI=0x00007f3c69f7f010: <offset 0x000000000001e010> in /home/jeronimo/.jdks/openjdk-16.0.1/lib/libjimage.so at 0x00007f3c69f61000
R8 =0x000000000000aaab is an unknown value
R9 =0x73696d2f6c616e72 is an unknown value
R10=0x6e7265746e692f6b is an unknown value
R11=0x2f6373696d2f6c61 is an unknown value
R12=0x000000000000702b is an unknown value
R13=0x00007f3c3d7fd2a0 is pointing into the stack for thread: 0x00007f3c640f38f0
R14=0x0 is NULL
R15=0x00007f3c3d7fd2a0 is pointing into the stack for thread: 0x00007f3c640f38f0


Registers:
RAX=0x00007f3c69f7db10, RBX=0x00007f3c3d7fd2a1, RCX=0x00007f3c3d7fd2c3, RDX=0x0000000000000d5b
RSP=0x00007f3c3d7fd1f0, RBP=0x00007f3c3d7fd210, RSI=0x00007f3c5c7e401c, RDI=0x00007f3c69f7f010
R8 =0x000000000000aaab, R9 =0x73696d2f6c616e72, R10=0x6e7265746e692f6b, R11=0x2f6373696d2f6c61
R12=0x000000000000702b, R13=0x00007f3c3d7fd2a0, R14=0x0000000000000000, R15=0x00007f3c3d7fd2a0
RIP=0x00007f3c69f65393, EFLAGS=0x0000000000010246, CSGSFS=0x002b000000000033, ERR=0x0000000000000004
  TRAPNO=0x000000000000000e

Top of Stack: (sp=0x00007f3c3d7fd1f0)
0x00007f3c3d7fd1f0:   0000000000000000 00007f3c3d7fe338
0x00007f3c3d7fd200:   00007f3c640029f0 00007f3c3d7fd2a0
0x00007f3c3d7fd210:   00007f3c3d7fd280 00007f3c69f660de
0x00007f3c3d7fd220:   0000000000000000 0000000000000000 

Instructions: (pc=0x00007f3c69f65393)
0x00007f3c69f65293:   4c 89 5d 98 e8 b4 ee ff ff 4c 8b 5d 98 4d 01 df
0x00007f3c69f652a3:   4d 85 f6 74 08 4c 89 f7 e8 b0 17 00 00 44 03 65
0x00007f3c69f652b3:   90 e9 3f fe ff ff 0f 1f 80 00 00 00 00 41 8b 10
0x00007f3c69f652c3:   41 89 55 00 41 8b 54 00 fc 41 89 54 05 fc e9 7a
0x00007f3c69f652d3:   fc ff ff 66 2e 0f 1f 84 00 00 00 00 00 ba 0a 00
0x00007f3c69f652e3:   00 00 e9 f0 fc ff ff 41 0f b7 54 00 fe 66 41 89
0x00007f3c69f652f3:   54 05 fe e9 55 fc ff ff 0f 1f 44 00 00 0f b6 07
0x00007f3c69f65303:   89 f2 48 8d 4f 01 84 c0 74 19 0f 1f 00 69 d2 93
0x00007f3c69f65313:   01 00 01 48 83 c1 01 31 c2 0f b6 41 ff 84 c0 75
0x00007f3c69f65323:   ec 89 d6 89 f0 25 ff ff ff 7f c3 66 90 48 85 d2
0x00007f3c69f65333:   0f 84 d6 00 00 00 55 48 89 e5 41 55 41 54 41 89
0x00007f3c69f65343:   cc 53 48 83 ec 08 85 c9 0f 84 b6 00 00 00 49 89
0x00007f3c69f65353:   f5 48 89 d6 41 0f b6 55 00 49 8d 5d 01 84 d2 0f
0x00007f3c69f65363:   84 98 00 00 00 48 89 d9 b8 93 01 00 01 69 c0 93
0x00007f3c69f65373:   01 00 01 48 83 c1 01 31 d0 0f b6 51 ff 84 d2 75
0x00007f3c69f65383:   ec 25 ff ff ff 7f 31 d2 41 f7 f4 48 8b 07 89 d2
0x00007f3c69f65393:   8b 34 96 ff 50 20 85 c0 7f 1b 74 68 f7 d0 41 89
0x00007f3c69f653a3:   c0 48 83 c4 08 44 89 c0 5b 41 5c 41 5d 5d c3 66
0x00007f3c69f653b3:   0f 1f 44 00 00 41 0f b6 4d 00 89 c6 84 c9 74 1b
0x00007f3c69f653c3:   0f 1f 44 00 00 69 f6 93 01 00 01 48 83 c3 01 31
0x00007f3c69f653d3:   ce 0f b6 4b ff 84 c9 75 ec 89 f0 25 ff ff ff 7f
0x00007f3c69f653e3:   31 d2 48 83 c4 08 41 f7 f4 5b 41 5c 41 5d 5d 41
0x00007f3c69f653f3:   89 d0 44 89 c0 c3 0f 1f 80 00 00 00 00 b8 93 01
0x00007f3c69f65403:   00 01 eb 82 41 b8 ff ff ff ff eb 95 41 83 c8 ff
0x00007f3c69f65413:   44 89 c0 c3 90 0f 1f 84 00 00 00 00 00 eb 19 66
0x00007f3c69f65423:   0f 1f 44 00 00 0f b6 16 84 d2 74 13 38 c2 75 1d
0x00007f3c69f65433:   48 83 c7 01 48 83 c6 01 0f b6 07 84 c0 75 e6 48
0x00007f3c69f65443:   89 f8 c3 66 2e 0f 1f 84 00 00 00 00 00 31 c0 c3
0x00007f3c69f65453:   90 66 66 2e 0f 1f 84 00 00 00 00 00 90 49 89 f9
0x00007f3c69f65463:   49 89 f2 48 85 f6 74 58 41 0f b6 02 84 c0 74 50
0x00007f3c69f65473:   0f 1f 44 00 00 89 c2 89 c7 83 e0 07 c0 ea 03 49
0x00007f3c69f65483:   8d 74 02 02 83 e7 07 31 c0 44 0f b6 c2 49 8d 52 


Stack slot to memory mapping:
stack at sp + 0 slots: 0x0 is NULL
stack at sp + 1 slots: 0x00007f3c3d7fe338 is pointing into the stack for thread: 0x00007f3c640f38f0
stack at sp + 2 slots: 0x00007f3c640029f0 points into unknown readable memory: 0x00005593f28a59a0 | a0 59 8a f2 93 55 00 00
stack at sp + 3 slots: 0x00007f3c3d7fd2a0 is pointing into the stack for thread: 0x00007f3c640f38f0
stack at sp + 4 slots: 0x00007f3c3d7fd280 is pointing into the stack for thread: 0x00007f3c640f38f0
stack at sp + 5 slots: 0x00007f3c69f660de: <offset 0x00000000000050de> in /home/jeronimo/.jdks/openjdk-16.0.1/lib/libjimage.so at 0x00007f3c69f61000
stack at sp + 6 slots: 0x0 is NULL
stack at sp + 7 slots: 0x0 is NULL


---------------  P R O C E S S  ---------------

Threads class SMR info:
_java_thread_list=0x00007f3c102ecbf0, length=33, elements={
0x00007f3c640c5420, 0x00007f3c640c69a0, 0x00007f3c640f38f0, 0x00007f3c640f4e40,
0x00007f3c640f6360, 0x00007f3c640f7e40, 0x00007f3c640f94a0, 0x00007f3c640faa40,
0x00007f3c6411d050, 0x00007f3c64120080, 0x00007f3c64121070, 0x00007f3c64128450,
0x00007f3c28ab4c00, 0x00007f3c28b91b90, 0x00007f3c28b996e0, 0x00007f3c28bb7120,
0x00007f3c64113010, 0x00007f3c28bc2200, 0x00007f3c298f8f50, 0x00007f3c2994c7e0,
0x00007f3c29957d70, 0x00007f3c299588d0, 0x00007f3c29959ad0, 0x00007f3c2995abf0,
0x00007f3c2995c420, 0x00007f3c2995e2d0, 0x00007f3c2995f770, 0x00007f3c29960b80,
0x00007f3c29961f90, 0x00007f3c299635c0, 0x00007f3c299677a0, 0x00007f3c2996d6c0,
0x00007f3c64027190
}

Java Threads: ( => current thread )
  0x00007f3c640c5420 JavaThread "Reference Handler" daemon [_thread_blocked, id=3287, stack(0x00007f3c4c4ca000,0x00007f3c4c5cb000)]
  0x00007f3c640c69a0 JavaThread "Finalizer" daemon [_thread_blocked, id=3288, stack(0x00007f3c4c3c9000,0x00007f3c4c4ca000)]
=>0x00007f3c640f38f0 JavaThread "Signal Dispatcher" daemon [_thread_in_vm, id=3289, stack(0x00007f3c3d6ff000,0x00007f3c3d800000)]
  0x00007f3c640f4e40 JavaThread "Service Thread" daemon [_thread_blocked, id=3290, stack(0x00007f3c3d5fe000,0x00007f3c3d6ff000)]
  0x00007f3c640f6360 JavaThread "Monitor Deflation Thread" daemon [_thread_blocked, id=3291, stack(0x00007f3c3d4fd000,0x00007f3c3d5fe000)]
  0x00007f3c640f7e40 JavaThread "C2 CompilerThread0" daemon [_thread_blocked, id=3292, stack(0x00007f3c3d3fc000,0x00007f3c3d4fd000)]
  0x00007f3c640f94a0 JavaThread "C1 CompilerThread0" daemon [_thread_blocked, id=3293, stack(0x00007f3c3d2fb000,0x00007f3c3d3fc000)]
  0x00007f3c640faa40 JavaThread "Sweeper thread" daemon [_thread_blocked, id=3294, stack(0x00007f3c3d1fa000,0x00007f3c3d2fb000)]
  0x00007f3c6411d050 JavaThread "JDWP Transport Listener: dt_socket" daemon [_thread_in_native, id=3295, stack(0x00007f3c3d0f9000,0x00007f3c3d1fa000)]
  0x00007f3c64120080 JavaThread "JDWP Event Helper Thread" daemon [_thread_blocked, id=3298, stack(0x00007f3c3cff8000,0x00007f3c3d0f9000)]
  0x00007f3c64121070 JavaThread "Notification Thread" daemon [_thread_blocked, id=3300, stack(0x00007f3c3cdf6000,0x00007f3c3cef7000)]
  0x00007f3c64128450 JavaThread "Common-Cleaner" daemon [_thread_blocked, id=3302, stack(0x00007f3c3cbf3000,0x00007f3c3ccf4000)]
  0x00007f3c28ab4c00 JavaThread "mysql-cj-abandoned-connection-cleanup" daemon [_thread_blocked, id=3310, stack(0x00007f3c3c7ee000,0x00007f3c3c8ef000)]
  0x00007f3c28b91b90 JavaThread "MVStore background writer nio:/home/jeronimo/Documentos/diosantander/dio.mv.db" daemon [_thread_blocked, id=3311, stack(0x00007f3c3c6ed000,0x00007f3c3c7ee000)]
  0x00007f3c28b996e0 JavaThread "HikariPool-1 housekeeper" daemon [_thread_blocked, id=3312, stack(0x00007f3c3c5ec000,0x00007f3c3c6ed000)]
  0x00007f3c28bb7120 JavaThread "Catalina-utility-1" [_thread_blocked, id=3314, stack(0x00007f3c3c3ea000,0x00007f3c3c4eb000)]
  0x00007f3c64113010 JavaThread "Catalina-utility-2" [_thread_blocked, id=3315, stack(0x00007f3c3c2e9000,0x00007f3c3c3ea000)]
  0x00007f3c28bc2200 JavaThread "container-0" [_thread_blocked, id=3316, stack(0x00007f3c3c1e8000,0x00007f3c3c2e9000)]
  0x00007f3c298f8f50 JavaThread "Live Reload Server" daemon [_thread_in_native, id=3318, stack(0x00007f3c3c0e7000,0x00007f3c3c1e8000)]
  0x00007f3c2994c7e0 JavaThread "File Watcher" daemon [_thread_blocked, id=3319, stack(0x00007f3c3c4eb000,0x00007f3c3c5ec000)]
  0x00007f3c29957d70 JavaThread "http-nio-8081-exec-1" daemon [_thread_blocked, id=3320, stack(0x00007f3c0c6ff000,0x00007f3c0c800000)]
  0x00007f3c299588d0 JavaThread "http-nio-8081-exec-2" daemon [_thread_blocked, id=3321, stack(0x00007f3c0c5fe000,0x00007f3c0c6ff000)]
  0x00007f3c29959ad0 JavaThread "http-nio-8081-exec-3" daemon [_thread_blocked, id=3322, stack(0x00007f3c0c4fd000,0x00007f3c0c5fe000)]
  0x00007f3c2995abf0 JavaThread "http-nio-8081-exec-4" daemon [_thread_blocked, id=3323, stack(0x00007f3c0c3fc000,0x00007f3c0c4fd000)]
  0x00007f3c2995c420 JavaThread "http-nio-8081-exec-5" daemon [_thread_blocked, id=3324, stack(0x00007f3c0c2fb000,0x00007f3c0c3fc000)]
  0x00007f3c2995e2d0 JavaThread "http-nio-8081-exec-6" daemon [_thread_blocked, id=3325, stack(0x00007f3c0c1fa000,0x00007f3c0c2fb000)]
  0x00007f3c2995f770 JavaThread "http-nio-8081-exec-7" daemon [_thread_blocked, id=3326, stack(0x00007f3c0c0f9000,0x00007f3c0c1fa000)]
  0x00007f3c29960b80 JavaThread "http-nio-8081-exec-8" daemon [_thread_blocked, id=3327, stack(0x00007f3c0bff8000,0x00007f3c0c0f9000)]
  0x00007f3c29961f90 JavaThread "http-nio-8081-exec-9" daemon [_thread_blocked, id=3328, stack(0x00007f3c0bef7000,0x00007f3c0bff8000)]
  0x00007f3c299635c0 JavaThread "http-nio-8081-exec-10" daemon [_thread_blocked, id=3329, stack(0x00007f3c0bdf6000,0x00007f3c0bef7000)]
  0x00007f3c299677a0 JavaThread "http-nio-8081-Poller" daemon [_thread_in_native, id=3330, stack(0x00007f3c0bcf5000,0x00007f3c0bdf6000)]
  0x00007f3c2996d6c0 JavaThread "http-nio-8081-Acceptor" daemon [_thread_in_native, id=3331, stack(0x00007f3c0bbf4000,0x00007f3c0bcf5000)]
  0x00007f3c64027190 JavaThread "DestroyJavaVM" [_thread_blocked, id=3280, stack(0x00007f3c69f8a000,0x00007f3c6a08b000)]

Other Threads:
  0x00007f3c640c2e60 VMThread "VM Thread" [stack: 0x00007f3c4c5cd000,0x00007f3c4c6cd000] [id=3286]
  0x00007f3c64122a70 WatcherThread [stack: 0x00007f3c3ccf6000,0x00007f3c3cdf6000] [id=3301]
  0x00007f3c640547a0 GCTaskThread "GC Thread#0" [stack: 0x00007f3c68543000,0x00007f3c68643000] [id=3281]
  0x00007f3c34003cf0 GCTaskThread "GC Thread#1" [stack: 0x00007f3c3caf3000,0x00007f3c3cbf3000] [id=3303]
  0x00007f3c6405d6a0 ConcurrentGCThread "G1 Main Marker" [stack: 0x00007f3c68441000,0x00007f3c68541000] [id=3282]
  0x00007f3c6405e730 ConcurrentGCThread "G1 Conc#0" [stack: 0x00007f3c6833f000,0x00007f3c6843f000] [id=3283]
  0x00007f3c64090580 ConcurrentGCThread "G1 Refine#0" [stack: 0x00007f3c6803b000,0x00007f3c6813b000] [id=3284]
  0x00007f3c640915a0 ConcurrentGCThread "G1 Service" [stack: 0x00007f3c4c7ec000,0x00007f3c4c8ec000] [id=3285]

Threads with active compile tasks:

VM state: not at safepoint (normal execution)

VM Mutex/Monitor currently owned by a thread: None

Heap address: 0x00000000c4200000, size: 958 MB, Compressed Oops mode: 32-bit

CDS archive(s) mapped at: [0x0000000800000000-0x0000000800bc1000-0x0000000800bc1000), size 12324864, SharedBaseAddress: 0x0000000800000000, ArchiveRelocationMode: 0.
Compressed class space mapped at: 0x0000000800c00000-0x0000000840c00000, reserved size: 1073741824
Narrow klass base: 0x0000000800000000, Narrow klass shift: 3, Narrow klass range: 0x100000000

GC Precious Log:
 CPUs: 2 total, 2 available
 Memory: 3829M
 Large Page Support: Disabled
 NUMA Support: Disabled
 Compressed Oops: Enabled (32-bit)
 Heap Region Size: 1M
 Heap Min Capacity: 8M
 Heap Initial Capacity: 60M
 Heap Max Capacity: 958M
 Pre-touch: Disabled
 Parallel Workers: 2
 Concurrent Workers: 1
 Concurrent Refinement Workers: 2
 Periodic GC: Disabled

Heap:
 garbage-first heap   total 73728K, used 42843K [0x00000000c4200000, 0x0000000100000000)
  region size 1024K, 11 young (11264K), 3 survivors (3072K)
 Metaspace       used 71994K, committed 72384K, reserved 1114112K
  class space    used 9351K, committed 9536K, reserved 1048576K

Heap Regions: E=young(eden), S=young(survivor), O=old, HS=humongous(starts), HC=humongous(continues), CS=collection set, F=free, OA=open archive, CA=closed archive, TAMS=top-at-mark-start (previous, next)
|   0|0x00000000c4200000, 0x00000000c4300000, 0x00000000c4300000|100%|HS|  |TAMS 0x00000000c4300000, 0x00000000c4200000| Complete 
|   1|0x00000000c4300000, 0x00000000c4400000, 0x00000000c4400000|100%| O|  |TAMS 0x00000000c4400000, 0x00000000c4300000| Untracked 
|   2|0x00000000c4400000, 0x00000000c4500000, 0x00000000c4500000|100%| O|  |TAMS 0x00000000c4500000, 0x00000000c4400000| Untracked 
|   3|0x00000000c4500000, 0x00000000c4600000, 0x00000000c4600000|100%| O|  |TAMS 0x00000000c4600000, 0x00000000c4500000| Untracked 
|   4|0x00000000c4600000, 0x00000000c4700000, 0x00000000c4700000|100%| O|  |TAMS 0x00000000c4700000, 0x00000000c4600000| Untracked 
|   5|0x00000000c4700000, 0x00000000c4800000, 0x00000000c4800000|100%| O|  |TAMS 0x00000000c4800000, 0x00000000c4700000| Untracked 
|   6|0x00000000c4800000, 0x00000000c4900000, 0x00000000c4900000|100%| O|  |TAMS 0x00000000c4900000, 0x00000000c4800000| Untracked 
|   7|0x00000000c4900000, 0x00000000c4a00000, 0x00000000c4a00000|100%| O|  |TAMS 0x00000000c4a00000, 0x00000000c4900000| Untracked 
|   8|0x00000000c4a00000, 0x00000000c4b00000, 0x00000000c4b00000|100%| O|  |TAMS 0x00000000c4b00000, 0x00000000c4a00000| Untracked 
|   9|0x00000000c4b00000, 0x00000000c4b25600, 0x00000000c4c00000| 14%| O|  |TAMS 0x00000000c4b25600, 0x00000000c4b00000| Untracked 
|  10|0x00000000c4c00000, 0x00000000c4d00000, 0x00000000c4d00000|100%| O|  |TAMS 0x00000000c4d00000, 0x00000000c4c00000| Untracked 
|  11|0x00000000c4d00000, 0x00000000c4e00000, 0x00000000c4e00000|100%| O|  |TAMS 0x00000000c4e00000, 0x00000000c4d00000| Untracked 
|  12|0x00000000c4e00000, 0x00000000c4f00000, 0x00000000c4f00000|100%| O|  |TAMS 0x00000000c4f00000, 0x00000000c4e00000| Untracked 
|  13|0x00000000c4f00000, 0x00000000c5000000, 0x00000000c5000000|100%| O|  |TAMS 0x00000000c5000000, 0x00000000c4f00000| Untracked 
|  14|0x00000000c5000000, 0x00000000c5100000, 0x00000000c5100000|100%| O|  |TAMS 0x00000000c5100000, 0x00000000c5000000| Untracked 
|  15|0x00000000c5100000, 0x00000000c5200000, 0x00000000c5200000|100%| O|  |TAMS 0x00000000c5200000, 0x00000000c5100000| Untracked 
|  16|0x00000000c5200000, 0x00000000c5300000, 0x00000000c5300000|100%| O|  |TAMS 0x00000000c5300000, 0x00000000c5200000| Untracked 
|  17|0x00000000c5300000, 0x00000000c5400000, 0x00000000c5400000|100%|HS|  |TAMS 0x00000000c5400000, 0x00000000c5300000| Complete 
|  18|0x00000000c5400000, 0x00000000c5500000, 0x00000000c5500000|100%|HC|  |TAMS 0x00000000c5500000, 0x00000000c5400000| Complete 
|  19|0x00000000c5500000, 0x00000000c5600000, 0x00000000c5600000|100%| O|  |TAMS 0x00000000c5600000, 0x00000000c5500000| Untracked 
|  20|0x00000000c5600000, 0x00000000c5700000, 0x00000000c5700000|100%| O|  |TAMS 0x00000000c5700000, 0x00000000c5600000| Untracked 
|  21|0x00000000c5700000, 0x00000000c5800000, 0x00000000c5800000|100%| O|  |TAMS 0x00000000c5800000, 0x00000000c5700000| Untracked 
|  22|0x00000000c5800000, 0x00000000c5900000, 0x00000000c5900000|100%| O|  |TAMS 0x00000000c5900000, 0x00000000c5800000| Untracked 
|  23|0x00000000c5900000, 0x00000000c5a00000, 0x00000000c5a00000|100%| O|  |TAMS 0x00000000c5a00000, 0x00000000c5900000| Untracked 
|  24|0x00000000c5a00000, 0x00000000c5b00000, 0x00000000c5b00000|100%| O|  |TAMS 0x00000000c5b00000, 0x00000000c5a00000| Untracked 
|  25|0x00000000c5b00000, 0x00000000c5c00000, 0x00000000c5c00000|100%| O|  |TAMS 0x00000000c5c00000, 0x00000000c5b00000| Untracked 
|  26|0x00000000c5c00000, 0x00000000c5d00000, 0x00000000c5d00000|100%| O|  |TAMS 0x00000000c5d00000, 0x00000000c5c00000| Untracked 
|  27|0x00000000c5d00000, 0x00000000c5e00000, 0x00000000c5e00000|100%| O|  |TAMS 0x00000000c5e00000, 0x00000000c5d00000| Untracked 
|  28|0x00000000c5e00000, 0x00000000c5f00000, 0x00000000c5f00000|100%| O|  |TAMS 0x00000000c5f00000, 0x00000000c5e00000| Untracked 
|  29|0x00000000c5f00000, 0x00000000c6000000, 0x00000000c6000000|100%| O|  |TAMS 0x00000000c6000000, 0x00000000c5f00000| Untracked 
|  30|0x00000000c6000000, 0x00000000c6100000, 0x00000000c6100000|100%| O|  |TAMS 0x00000000c6025200, 0x00000000c6000000| Untracked 
|  31|0x00000000c6100000, 0x00000000c6200000, 0x00000000c6200000|100%| O|  |TAMS 0x00000000c6100000, 0x00000000c6100000| Untracked 
|  32|0x00000000c6200000, 0x00000000c62bc800, 0x00000000c6300000| 73%| O|  |TAMS 0x00000000c6200000, 0x00000000c6200000| Untracked 
|  33|0x00000000c6300000, 0x00000000c6300000, 0x00000000c6400000|  0%| F|  |TAMS 0x00000000c6300000, 0x00000000c6300000| Untracked 
|  34|0x00000000c6400000, 0x00000000c6400000, 0x00000000c6500000|  0%| F|  |TAMS 0x00000000c6400000, 0x00000000c6400000| Untracked 
|  35|0x00000000c6500000, 0x00000000c6500000, 0x00000000c6600000|  0%| F|  |TAMS 0x00000000c6500000, 0x00000000c6500000| Untracked 
|  36|0x00000000c6600000, 0x00000000c6600000, 0x00000000c6700000|  0%| F|  |TAMS 0x00000000c6600000, 0x00000000c6600000| Untracked 
|  37|0x00000000c6700000, 0x00000000c6700000, 0x00000000c6800000|  0%| F|  |TAMS 0x00000000c6700000, 0x00000000c6700000| Untracked 
|  38|0x00000000c6800000, 0x00000000c6800000, 0x00000000c6900000|  0%| F|  |TAMS 0x00000000c6800000, 0x00000000c6800000| Untracked 
|  39|0x00000000c6900000, 0x00000000c6900000, 0x00000000c6a00000|  0%| F|  |TAMS 0x00000000c6900000, 0x00000000c6900000| Untracked 
|  40|0x00000000c6a00000, 0x00000000c6a00000, 0x00000000c6b00000|  0%| F|  |TAMS 0x00000000c6a00000, 0x00000000c6a00000| Untracked 
|  41|0x00000000c6b00000, 0x00000000c6b00000, 0x00000000c6c00000|  0%| F|  |TAMS 0x00000000c6b00000, 0x00000000c6b00000| Untracked 
|  42|0x00000000c6c00000, 0x00000000c6c00000, 0x00000000c6d00000|  0%| F|  |TAMS 0x00000000c6c00000, 0x00000000c6c00000| Untracked 
|  43|0x00000000c6d00000, 0x00000000c6d00000, 0x00000000c6e00000|  0%| F|  |TAMS 0x00000000c6d00000, 0x00000000c6d00000| Untracked 
|  44|0x00000000c6e00000, 0x00000000c6e00000, 0x00000000c6f00000|  0%| F|  |TAMS 0x00000000c6e00000, 0x00000000c6e00000| Untracked 
|  45|0x00000000c6f00000, 0x00000000c7000000, 0x00000000c7000000|100%| S|CS|TAMS 0x00000000c6f00000, 0x00000000c6f00000| Complete 
|  46|0x00000000c7000000, 0x00000000c7100000, 0x00000000c7100000|100%| S|CS|TAMS 0x00000000c7000000, 0x00000000c7000000| Complete 
|  47|0x00000000c7100000, 0x00000000c7200000, 0x00000000c7200000|100%| S|CS|TAMS 0x00000000c7100000, 0x00000000c7100000| Complete 
|  48|0x00000000c7200000, 0x00000000c7200000, 0x00000000c7300000|  0%| F|  |TAMS 0x00000000c7200000, 0x00000000c7200000| Untracked 
|  49|0x00000000c7300000, 0x00000000c7300000, 0x00000000c7400000|  0%| F|  |TAMS 0x00000000c7300000, 0x00000000c7300000| Untracked 
|  50|0x00000000c7400000, 0x00000000c7400000, 0x00000000c7500000|  0%| F|  |TAMS 0x00000000c7400000, 0x00000000c7400000| Untracked 
|  51|0x00000000c7500000, 0x00000000c7500000, 0x00000000c7600000|  0%| F|  |TAMS 0x00000000c7500000, 0x00000000c7500000| Untracked 
|  52|0x00000000c7600000, 0x00000000c7600000, 0x00000000c7700000|  0%| F|  |TAMS 0x00000000c7600000, 0x00000000c7600000| Untracked 
|  53|0x00000000c7700000, 0x00000000c7700000, 0x00000000c7800000|  0%| F|  |TAMS 0x00000000c7700000, 0x00000000c7700000| Untracked 
|  54|0x00000000c7800000, 0x00000000c7800000, 0x00000000c7900000|  0%| F|  |TAMS 0x00000000c7800000, 0x00000000c7800000| Untracked 
|  55|0x00000000c7900000, 0x00000000c7900000, 0x00000000c7a00000|  0%| F|  |TAMS 0x00000000c7900000, 0x00000000c7900000| Untracked 
|  56|0x00000000c7a00000, 0x00000000c7a00000, 0x00000000c7b00000|  0%| F|  |TAMS 0x00000000c7a00000, 0x00000000c7a00000| Untracked 
|  57|0x00000000c7b00000, 0x00000000c7b00000, 0x00000000c7c00000|  0%| F|  |TAMS 0x00000000c7b00000, 0x00000000c7b00000| Untracked 
|  58|0x00000000c7c00000, 0x00000000c7c00000, 0x00000000c7d00000|  0%| F|  |TAMS 0x00000000c7c00000, 0x00000000c7c00000| Untracked 
|  59|0x00000000c7d00000, 0x00000000c7d00000, 0x00000000c7e00000|  0%| F|  |TAMS 0x00000000c7d00000, 0x00000000c7d00000| Untracked 
|  60|0x00000000c7e00000, 0x00000000c7e00000, 0x00000000c7f00000|  0%| F|  |TAMS 0x00000000c7e00000, 0x00000000c7e00000| Untracked 
|  61|0x00000000c7f00000, 0x00000000c7f00000, 0x00000000c8000000|  0%| F|  |TAMS 0x00000000c7f00000, 0x00000000c7f00000| Untracked 
|  62|0x00000000c8000000, 0x00000000c804a010, 0x00000000c8100000| 28%| E|  |TAMS 0x00000000c8000000, 0x00000000c8000000| Complete 
|  63|0x00000000c8100000, 0x00000000c8200000, 0x00000000c8200000|100%| E|CS|TAMS 0x00000000c8100000, 0x00000000c8100000| Complete 
|  64|0x00000000c8200000, 0x00000000c8300000, 0x00000000c8300000|100%| E|CS|TAMS 0x00000000c8200000, 0x00000000c8200000| Complete 
|  65|0x00000000c8300000, 0x00000000c8400000, 0x00000000c8400000|100%| E|CS|TAMS 0x00000000c8300000, 0x00000000c8300000| Complete 
|  66|0x00000000c8400000, 0x00000000c8500000, 0x00000000c8500000|100%| E|  |TAMS 0x00000000c8400000, 0x00000000c8400000| Complete 
|  67|0x00000000c8500000, 0x00000000c8600000, 0x00000000c8600000|100%| E|CS|TAMS 0x00000000c8500000, 0x00000000c8500000| Complete 
|  68|0x00000000c8600000, 0x00000000c8700000, 0x00000000c8700000|100%| E|CS|TAMS 0x00000000c8600000, 0x00000000c8600000| Complete 
|  85|0x00000000c9700000, 0x00000000c9800000, 0x00000000c9800000|100%| E|CS|TAMS 0x00000000c9700000, 0x00000000c9700000| Complete 
| 956|0x00000000ffe00000, 0x00000000ffe75000, 0x00000000fff00000| 45%|OA|  |TAMS 0x00000000ffe75000, 0x00000000ffe00000| Untracked 
| 957|0x00000000fff00000, 0x00000000fff80000, 0x0000000100000000| 50%|CA|  |TAMS 0x00000000fff80000, 0x00000000fff00000| Untracked 

Card table byte_map: [0x00007f3c6973a000,0x00007f3c69919000] _byte_map_base: 0x00007f3c69119000

Marking Bits (Prev, Next): (CMBitMap*) 0x00007f3c64055350, (CMBitMap*) 0x00007f3c64055390
 Prev Bits: [0x00007f3c68663000, 0x00007f3c6955b000)
 Next Bits: [0x00007f3c4c8ec000, 0x00007f3c4d7e4000)

Polling page: 0x00007f3c6b659000

Metaspace:
